<?xml version="1.0" encoding="UTF-8"?>
<!-- Generated by org.testng.reporters.JUnitXMLReporter -->
<testsuite ignored="0" hostname="DESKTOP-TL25OI3" failures="0" tests="4" name="Test" time="66.963" errors="0" timestamp="2025-03-20T00:02:05 IST">
  <testcase classname="com.mystore.testcases.TC_MyAccountPageTest" name="VerifyLogin" time="3.283"/>
  <testcase classname="com.mystore.testcases.TC_MyAccountPageTest" name="VerifySignOut" time="4.12"/>
  <testcase classname="com.mystore.testcases.TC_ProductPageTest" name="VerifyBuyProduct" time="21.356"/>
  <testcase classname="com.mystore.testcases.TC_ProductPageTest" name="VerifySearchProduct" time="7.039"/>
</testsuite> <!-- Test -->
