<?xml version="1.0" encoding="UTF-8"?>
<testng-results ignored="0" total="4" passed="4" failed="0" skipped="0">
  <reporter-output>
  </reporter-output>
  <suite started-at="2025-03-19T18:34:09 IST" name="Suite" finished-at="2025-03-19T18:35:10 IST" duration-ms="61577">
    <groups>
    </groups>
    <test started-at="2025-03-19T18:34:09 IST" name="Test" finished-at="2025-03-19T18:35:10 IST" duration-ms="61577">
      <class name="com.mystore.testcases.TC_ProductPageTest">
        <test-method is-config="true" signature="setup(org.testng.ITestContext)[pri:0, instance:com.mystore.testcases.TC_ProductPageTest@604c5de8]" started-at="2025-03-19T18:34:31 IST" name="setup" finished-at="2025-03-19T18:34:38 IST" duration-ms="7023" status="PASS">
          <params>
            <param index="0">
              <value>
                <![CDATA[org.testng.TestRunner@184823ed]]>
              </value>
            </param>
          </params>
          <reporter-output>
          </reporter-output>
        </test-method> <!-- setup -->
        <test-method signature="VerifyBuyProduct()[pri:0, instance:com.mystore.testcases.TC_ProductPageTest@604c5de8]" started-at="2025-03-19T18:34:38 IST" name="VerifyBuyProduct" finished-at="2025-03-19T18:34:58 IST" duration-ms="20608" status="PASS">
          <reporter-output>
          </reporter-output>
        </test-method> <!-- VerifyBuyProduct -->
        <test-method is-config="true" signature="tearDown()[pri:0, instance:com.mystore.testcases.TC_ProductPageTest@604c5de8]" started-at="2025-03-19T18:34:58 IST" name="tearDown" finished-at="2025-03-19T18:34:59 IST" duration-ms="693" status="PASS">
          <reporter-output>
          </reporter-output>
        </test-method> <!-- tearDown -->
        <test-method is-config="true" signature="setup(org.testng.ITestContext)[pri:0, instance:com.mystore.testcases.TC_ProductPageTest@604c5de8]" started-at="2025-03-19T18:34:59 IST" name="setup" finished-at="2025-03-19T18:35:04 IST" duration-ms="5620" status="PASS">
          <params>
            <param index="0">
              <value>
                <![CDATA[org.testng.TestRunner@184823ed]]>
              </value>
            </param>
          </params>
          <reporter-output>
          </reporter-output>
        </test-method> <!-- setup -->
        <test-method signature="VerifySearchProduct()[pri:0, instance:com.mystore.testcases.TC_ProductPageTest@604c5de8]" started-at="2025-03-19T18:35:04 IST" name="VerifySearchProduct" finished-at="2025-03-19T18:35:10 IST" duration-ms="5283" status="PASS">
          <reporter-output>
          </reporter-output>
        </test-method> <!-- VerifySearchProduct -->
        <test-method is-config="true" signature="tearDown()[pri:0, instance:com.mystore.testcases.TC_ProductPageTest@604c5de8]" started-at="2025-03-19T18:35:10 IST" name="tearDown" finished-at="2025-03-19T18:35:10 IST" duration-ms="405" status="PASS">
          <reporter-output>
          </reporter-output>
        </test-method> <!-- tearDown -->
      </class> <!-- com.mystore.testcases.TC_ProductPageTest -->
      <class name="com.mystore.testcases.TC_MyAccountPageTest">
        <test-method is-config="true" signature="setup(org.testng.ITestContext)[pri:0, instance:com.mystore.testcases.TC_MyAccountPageTest@4ce7fffa]" started-at="2025-03-19T18:34:09 IST" name="setup" finished-at="2025-03-19T18:34:17 IST" duration-ms="8036" status="PASS">
          <params>
            <param index="0">
              <value>
                <![CDATA[org.testng.TestRunner@184823ed]]>
              </value>
            </param>
          </params>
          <reporter-output>
          </reporter-output>
        </test-method> <!-- setup -->
        <test-method signature="VerifyLogin()[pri:0, instance:com.mystore.testcases.TC_MyAccountPageTest@4ce7fffa]" started-at="2025-03-19T18:34:17 IST" name="VerifyLogin" finished-at="2025-03-19T18:34:20 IST" duration-ms="3332" status="PASS">
          <reporter-output>
          </reporter-output>
        </test-method> <!-- VerifyLogin -->
        <test-method is-config="true" signature="tearDown()[pri:0, instance:com.mystore.testcases.TC_MyAccountPageTest@4ce7fffa]" started-at="2025-03-19T18:34:20 IST" name="tearDown" finished-at="2025-03-19T18:34:21 IST" duration-ms="399" status="PASS">
          <reporter-output>
          </reporter-output>
        </test-method> <!-- tearDown -->
        <test-method is-config="true" signature="setup(org.testng.ITestContext)[pri:0, instance:com.mystore.testcases.TC_MyAccountPageTest@4ce7fffa]" started-at="2025-03-19T18:34:21 IST" name="setup" finished-at="2025-03-19T18:34:26 IST" duration-ms="5356" status="PASS">
          <params>
            <param index="0">
              <value>
                <![CDATA[org.testng.TestRunner@184823ed]]>
              </value>
            </param>
          </params>
          <reporter-output>
          </reporter-output>
        </test-method> <!-- setup -->
        <test-method signature="VerifySignOut()[pri:0, instance:com.mystore.testcases.TC_MyAccountPageTest@4ce7fffa]" started-at="2025-03-19T18:34:26 IST" name="VerifySignOut" finished-at="2025-03-19T18:34:30 IST" duration-ms="4082" status="PASS">
          <reporter-output>
          </reporter-output>
        </test-method> <!-- VerifySignOut -->
        <test-method is-config="true" signature="tearDown()[pri:0, instance:com.mystore.testcases.TC_MyAccountPageTest@4ce7fffa]" started-at="2025-03-19T18:34:30 IST" name="tearDown" finished-at="2025-03-19T18:34:30 IST" duration-ms="364" status="PASS">
          <reporter-output>
          </reporter-output>
        </test-method> <!-- tearDown -->
      </class> <!-- com.mystore.testcases.TC_MyAccountPageTest -->
    </test> <!-- Test -->
  </suite> <!-- Suite -->
</testng-results>
