<?xml version="1.0" encoding="UTF-8"?>
<testng-results ignored="0" total="4" passed="4" failed="0" skipped="0">
  <reporter-output>
  </reporter-output>
  <suite started-at="2025-03-20T00:00:57 IST" name="Suite" finished-at="2025-03-20T00:02:04 IST" duration-ms="66963">
    <groups>
    </groups>
    <test started-at="2025-03-20T00:00:57 IST" name="Test" finished-at="2025-03-20T00:02:04 IST" duration-ms="66963">
      <class name="com.mystore.testcases.TC_ProductPageTest">
        <test-method is-config="true" signature="setup(org.testng.ITestContext)[pri:0, instance:com.mystore.testcases.TC_ProductPageTest@686449f9]" started-at="2025-03-20T00:01:22 IST" name="setup" finished-at="2025-03-20T00:01:29 IST" duration-ms="6912" status="PASS">
          <params>
            <param index="0">
              <value>
                <![CDATA[org.testng.TestRunner@581c9bb7]]>
              </value>
            </param>
          </params>
          <reporter-output>
          </reporter-output>
        </test-method> <!-- setup -->
        <test-method signature="VerifyBuyProduct()[pri:0, instance:com.mystore.testcases.TC_ProductPageTest@686449f9]" started-at="2025-03-20T00:01:29 IST" name="VerifyBuyProduct" finished-at="2025-03-20T00:01:50 IST" duration-ms="21356" status="PASS">
          <reporter-output>
          </reporter-output>
        </test-method> <!-- VerifyBuyProduct -->
        <test-method is-config="true" signature="tearDown()[pri:0, instance:com.mystore.testcases.TC_ProductPageTest@686449f9]" started-at="2025-03-20T00:01:50 IST" name="tearDown" finished-at="2025-03-20T00:01:51 IST" duration-ms="703" status="PASS">
          <reporter-output>
          </reporter-output>
        </test-method> <!-- tearDown -->
        <test-method is-config="true" signature="setup(org.testng.ITestContext)[pri:0, instance:com.mystore.testcases.TC_ProductPageTest@686449f9]" started-at="2025-03-20T00:01:51 IST" name="setup" finished-at="2025-03-20T00:01:57 IST" duration-ms="5962" status="PASS">
          <params>
            <param index="0">
              <value>
                <![CDATA[org.testng.TestRunner@581c9bb7]]>
              </value>
            </param>
          </params>
          <reporter-output>
          </reporter-output>
        </test-method> <!-- setup -->
        <test-method signature="VerifySearchProduct()[pri:0, instance:com.mystore.testcases.TC_ProductPageTest@686449f9]" started-at="2025-03-20T00:01:57 IST" name="VerifySearchProduct" finished-at="2025-03-20T00:02:04 IST" duration-ms="7039" status="PASS">
          <reporter-output>
          </reporter-output>
        </test-method> <!-- VerifySearchProduct -->
        <test-method is-config="true" signature="tearDown()[pri:0, instance:com.mystore.testcases.TC_ProductPageTest@686449f9]" started-at="2025-03-20T00:02:04 IST" name="tearDown" finished-at="2025-03-20T00:02:04 IST" duration-ms="359" status="PASS">
          <reporter-output>
          </reporter-output>
        </test-method> <!-- tearDown -->
      </class> <!-- com.mystore.testcases.TC_ProductPageTest -->
      <class name="com.mystore.testcases.TC_MyAccountPageTest">
        <test-method is-config="true" signature="setup(org.testng.ITestContext)[pri:0, instance:com.mystore.testcases.TC_MyAccountPageTest@11981797]" started-at="2025-03-20T00:00:58 IST" name="setup" finished-at="2025-03-20T00:01:06 IST" duration-ms="8537" status="PASS">
          <params>
            <param index="0">
              <value>
                <![CDATA[org.testng.TestRunner@581c9bb7]]>
              </value>
            </param>
          </params>
          <reporter-output>
          </reporter-output>
        </test-method> <!-- setup -->
        <test-method signature="VerifyLogin()[pri:0, instance:com.mystore.testcases.TC_MyAccountPageTest@11981797]" started-at="2025-03-20T00:01:06 IST" name="VerifyLogin" finished-at="2025-03-20T00:01:10 IST" duration-ms="3283" status="PASS">
          <reporter-output>
          </reporter-output>
        </test-method> <!-- VerifyLogin -->
        <test-method is-config="true" signature="tearDown()[pri:0, instance:com.mystore.testcases.TC_MyAccountPageTest@11981797]" started-at="2025-03-20T00:01:10 IST" name="tearDown" finished-at="2025-03-20T00:01:10 IST" duration-ms="466" status="PASS">
          <reporter-output>
          </reporter-output>
        </test-method> <!-- tearDown -->
        <test-method is-config="true" signature="setup(org.testng.ITestContext)[pri:0, instance:com.mystore.testcases.TC_MyAccountPageTest@11981797]" started-at="2025-03-20T00:01:10 IST" name="setup" finished-at="2025-03-20T00:01:18 IST" duration-ms="7587" status="PASS">
          <params>
            <param index="0">
              <value>
                <![CDATA[org.testng.TestRunner@581c9bb7]]>
              </value>
            </param>
          </params>
          <reporter-output>
          </reporter-output>
        </test-method> <!-- setup -->
        <test-method signature="VerifySignOut()[pri:0, instance:com.mystore.testcases.TC_MyAccountPageTest@11981797]" started-at="2025-03-20T00:01:18 IST" name="VerifySignOut" finished-at="2025-03-20T00:01:22 IST" duration-ms="4120" status="PASS">
          <reporter-output>
          </reporter-output>
        </test-method> <!-- VerifySignOut -->
        <test-method is-config="true" signature="tearDown()[pri:0, instance:com.mystore.testcases.TC_MyAccountPageTest@11981797]" started-at="2025-03-20T00:01:22 IST" name="tearDown" finished-at="2025-03-20T00:01:22 IST" duration-ms="335" status="PASS">
          <reporter-output>
          </reporter-output>
        </test-method> <!-- tearDown -->
      </class> <!-- com.mystore.testcases.TC_MyAccountPageTest -->
    </test> <!-- Test -->
  </suite> <!-- Suite -->
</testng-results>
